<?xml version="1.0" encoding="UTF-8"?>
<testng-results ignored="0" total="1" passed="1" failed="0" skipped="0">
  <reporter-output>
  </reporter-output>
  <suite started-at="2022-03-13T16:12:23 IST" name="Default suite" finished-at="2022-03-13T16:13:26 IST" duration-ms="63534">
    <groups>
    </groups>
    <test started-at="2022-03-13T16:12:23 IST" name="Default test" finished-at="2022-03-13T16:13:26 IST" duration-ms="63534">
      <class name="testcases.Testcases">
        <test-method is-config="true" signature="setup()[pri:0, instance:testcases.Testcases@42e99e4a]" started-at="2022-03-13T16:12:23 IST" name="setup" finished-at="2022-03-13T16:12:41 IST" duration-ms="17954" status="PASS">
          <reporter-output>
          </reporter-output>
        </test-method> <!-- setup -->
        <test-method signature="test()[pri:1, instance:testcases.Testcases@42e99e4a]" started-at="2022-03-13T16:12:41 IST" name="test" finished-at="2022-03-13T16:13:26 IST" duration-ms="45508" status="PASS">
          <reporter-output>
          </reporter-output>
        </test-method> <!-- test -->
        <test-method is-config="true" signature="tearDown()[pri:0, instance:testcases.Testcases@42e99e4a]" started-at="2022-03-13T16:13:26 IST" name="tearDown" finished-at="2022-03-13T16:13:26 IST" duration-ms="29" status="PASS">
          <reporter-output>
          </reporter-output>
        </test-method> <!-- tearDown -->
      </class> <!-- testcases.Testcases -->
    </test> <!-- Default test -->
  </suite> <!-- Default suite -->
</testng-results>
